"CS ANKI Lernkarten Backup " "1YExRzDfNHdVZp86DlRvWojDKU_JF4YKR" 2021-05-21T22:19:46.629Z
"ABI ANKI Lernkarten Backup" "11xQUMAQrjKx5WYgi5hKj9Q3fXlEnPYTo" 2021-05-06T15:53:19.334Z
"Comenius" "1jkpZpvhb7DYroKgflvI8buFdExpSxRyT" 2021-04-30T16:13:47.448Z
"Mathe" "1q5GppTq_VDdGHHCB2Gx1490vEQSLsgMn" 2021-02-22T15:00:49.654Z
"Liam Lern Lesen" "1-9MdS997vi-3aLfZ4-ZzXLt8tjklwt_W" 2021-01-30T14:53:07.433Z
"Große Abgabe" "1-811qWD4VLG15A242G84Dg1jmotwjSfh" 2021-01-14T18:00:43.080Z
"Alte Fotos und Videos" "1koWC6SP95opo1FIa0ZGDBVhkNH1wZ-mB" 2020-12-15T21:33:12.571Z
".ssh" "1o8BxwqMs4QLog1wHqBpDE9L5KbqaqeuK" 2020-12-15T21:03:33.710Z
"Q1.2 M" "12hC_BfJQWKlMaiSPjOKgph1beO9IqeS4" 2020-12-15T20:45:50.813Z
"Neuer Ordner" "1rrsF0PnVzi61F217DeXDBiw2XkrFy5sJ" 2020-12-15T20:45:50.188Z
"Nachhilfeangebot" "1oolpX50DgtAJF2X4SAefT0WZKwGC-KtI" 2020-12-15T20:45:45.725Z
"Bottled Earth Business" "1w6JqVIcR505PSkeSFmbCWvrMAkAuZTNX" 2020-12-15T20:45:40.507Z
"Mathe" "1oelD0F0GNmJIPoVlIONPOZuoBtPTIia1" 2020-12-15T20:45:35.033Z
"Geschichte" "10LysEj85JtpyPh6HYWy5O5G8GzcHS5pW" 2020-12-15T20:45:35.033Z
"SoWi" "1cT5qQajnTt3Vpjba92WcEGzPxUoERSq4" 2020-12-15T20:45:35.033Z
"Kunst" "1ME9w2bXXXRtqXXS3nT4-pGDvIt0GdJQR" 2020-12-15T20:45:35.033Z
"Sport" "1yCLd8yDxZKKAanoSiyQH1T_xUnSGezaV" 2020-12-15T20:45:35.033Z
"Englisch" "12bkarMcz--OhqxGgKCYT9ooAL9lp3qEr" 2020-12-15T20:45:35.033Z
"B@S Phase 3" "12ldi91nb2E70khjM6QPm9qNNdNuWejCP" 2020-12-15T20:45:35.033Z
"Q1.1 B@S" "19mxSpxacoDYxYmf7Ge7N657Lq8maITaP" 2020-12-15T20:45:35.033Z
"Philosophie" "1Rch2uQ8fdm6LZ7Mx9sDhZCucLpFOcHaB" 2020-12-15T20:45:35.033Z
"Q1.1" "16BtuypXsQrFJUqiZV9MY5p9T4rbAKRxF" 2020-12-15T20:45:33.219Z
"Q1.2" "1cekdbrwKdG04lNRUmBCY9rWnu3gxUztZ" 2020-12-15T20:45:33.219Z
"Schule" "1pG8iy3Kp-nEtx21NJgZ5X5b3L2E-N7U1" 2020-12-15T20:45:31.901Z
"Gruppenveranstaltungen" "1fD0i3uxQTpk6hvs7HnOaAIoFcYAdVzRY" 2020-12-15T20:26:55.217Z
"Vorlesungen" "1dTlfMNgvMkvVqAK_g7ocxkCOm2qFzB6v" 2020-12-15T20:26:55.217Z
"Vorlesungen" "1muQ1EWcU_F5JUZKGSWQqhYqwfwZ1ROTD" 2020-12-15T20:26:55.217Z
"Gruppenveranstaltungen" "1StexbxpdbSIr_YrpwEG0Z9eKpF0s8XPF" 2020-12-15T20:26:55.217Z
"Vorlesungen" "1wqRoIlS4om0VNYK3SAjf92E4GvWx05nA" 2020-12-15T20:26:51.069Z
"Vorlesungen" "1utklsMSzZ2zxRZeuCeToC5peoAc51qSV" 2020-12-15T20:26:51.069Z
"Übungen" "1RuJhHCoxaxQyPJjVlFaVtfg-SLA9nmVK" 2020-12-15T20:26:51.069Z
"Gruppenveranstaltungen" "1BtOBa7kdZ6tWcnM_PI-6vwKPr47C-9uN" 2020-12-15T20:26:51.069Z
"Übungen" "10AxtyG6kK6XN96BLEh8bKZ8EQlRaGsR1" 2020-12-15T20:26:51.069Z
"Vorlesungen" "1UzGC1HEDKTr8lKoUIdE692WSaifxXw68" 2020-12-15T20:26:51.069Z
"Vorlesungen" "1IqNq16FXbK2jXjwVUOCuFjYrl5CSaXGL" 2020-12-15T20:26:51.069Z
"Übungen" "1Df8UhWYx3OPd3FhLUDeENbdp4RUvaVbq" 2020-12-15T20:26:51.069Z
"BB01 Finanzbuchführung" "1fvDctEmM7YbeN9uRGEGr314OyFbEiOgW" 2020-12-15T20:26:46.453Z
"BB04 Produktion und Logistik" "19vCPr-yflYoL7PIKIy3GJ36gL7_G8qj9" 2020-12-15T20:26:46.453Z
"BB01 Absatz und Beschaffung" "1lVpNt_ylRa6yVNfrzx8_wp2Ol-0kObsg" 2020-12-15T20:26:46.453Z
"BB01 Einführung in die BWL" "1KNQxO9VFLUexKdv1sQpmq1Bgq7lRVuch" 2020-12-15T20:26:46.453Z
"BB02 Externes Rechungswesen" "1D3dtCFCEOiaio58rXZxbQwXpEQ8BEx6X" 2020-12-15T20:26:46.453Z
"BB02 Internes Rechnungswesen" "1yZp8toT620JeOvqUdLW2RCLeEDnJUf-X" 2020-12-15T20:26:46.453Z
"BWL S2" "1HzXYZbzej927Kb9PgScZf-1T2Z4IGuCN" 2020-12-15T20:26:42.285Z
"BWL S1" "1JWF-ifE3Tx486EB-uD1mylfRknGodoDP" 2020-12-15T20:26:42.285Z
"Universität" "1KNWR67wF5pul_Xc01hzkj7wRvoJnp9pt" 2020-12-15T20:26:39.255Z
"Backup" "1knZiEaIPGzFPkEUNcicdpPqxMjyN5Gq4" 2020-12-15T20:26:27.042Z
"English" "1-6V898QYD3IKNE3EjXI22Iv-edpPBamE" 2020-12-14T10:56:26.063Z
"Physik" "1-56oMqr1VTr_Jon1WIK7Ts5zSluFseBE" 2020-12-14T09:55:10.306Z
"Q2__KW48" "1phuD-CBzGWRPe4iMFzWxnXGxg0CtD4cD" 2020-11-19T12:02:09.362Z
"SoWi" "1RJXKG_9xwA7otSB72jM-mQVvrkEJdSrg" 2020-11-18T10:30:39.520Z
"BwInf 39." "1wOWGVhgksWVuJ6BOvQmyRGFxznivfX3j" 2020-11-15T21:04:48.605Z
"Q2__KW47" "13iKY8lVwY6PAvpyoQAxerOW8eHohOVf5" 2020-11-13T14:59:02.066Z
"KW40 28.9-04.10" "1UrT91yvfZQ9OjPB6PymUV5lFv6Kw2qYp" 2020-09-24T14:53:51.402Z
"Hans van der Viven CT" "1QnWOSCSs4LToyvy9jQxlXfGx319e3bcW" 2020-09-19T20:05:17.965Z
"STD00002" "1Rk6aiH6sPqe_3AkMU85qm-2INWyw9ayi" 2020-09-19T17:43:51.182Z
"STD00001" "15OjL5KQ0HHi4azrGRf-nzpEpYuppEu5X" 2020-09-19T17:43:43.824Z
"MODULES" "1gVw4fc5EBA5h3KAfe1vIEx3PkWfpl4pE" 2020-09-19T17:42:59.205Z
"VIEWER" "1uLa2C_rTxrW7rAhvSsZ74Ifd9IryxWGT" 2020-09-19T17:42:45.696Z
"DISCOM" "1dzsaqFpRY0q74vfYsK5aztNyjVP3VmjQ" 2020-09-19T17:41:52.902Z
"KESS Distanzlernen" "184EwJl6d3yRpO7B2Ss_K-jBVhydqMI8H" 2020-09-18T11:29:19.446Z
"KW39 21.9-27.9" "183AV8bMWWRTOh5xFn-zUd6DXyJHWvZ0l" 2020-09-18T11:28:50.640Z
"EVA" "1BNuSidm7QQ4Jv9prgPkIsN4TmRQk9JTJ" 2020-08-23T16:10:54.561Z
"KW35 24.8-30.8" "14w_o5UVQL5-vggKU_uPAEWt6a4ZNQENF" 2020-08-20T14:23:21.177Z
"Sozialwissenschaften" "13RPZDf8xe6GIzYtXCecdVUPt6f1Mjy39" 2020-08-12T15:14:28.250Z
"WebSubPlanCGDataForms" "1o0HRHygeuH6eITutj21QF7L-gofUTmCj" 2020-07-26T22:22:43.384Z
